<?xml version="1.0" encoding="UTF-8"?>
<robot generator="Robot 6.1.1 (Python 3.9.0 on linux)" generated="20231211 20:48:05.505" rpa="false" schemaversion="4">
<suite id="s1" name="testeFormularioCriacaoTarefa.spec" source="/home/toor/UNP/ToDo/src/spec/testeFormularioCriacaoTarefa.spec.robot">
<test id="s1-t1" name="Cadastro de Atividade Com Sucesso" line="9">
<kw name="Open Browser" library="SeleniumLibrary">
<arg>${URL}</arg>
<arg>Chrome</arg>
<arg>executable_path=/usr/bin/chromedriver</arg>
<doc>Opens a new browser instance to the optional ``url``.</doc>
<msg timestamp="20231211 20:48:05.674" level="INFO">Opening browser 'Chrome' to base url 'http://localhost:.com'.</msg>
<msg timestamp="20231211 20:48:06.356" level="INFO">Cannot capture screenshot because no browser is open.</msg>
<msg timestamp="20231211 20:48:06.357" level="FAIL">SessionNotCreatedException: Message: session not created: Chrome failed to start: exited normally.
  (session not created: DevToolsActivePort file doesn't exist)
  (The process started from chrome location /usr/bin/google-chrome is no longer running, so ChromeDriver is assuming that Chrome has crashed.)
Stacktrace:
#0 0x7f17759bcd33 &lt;unknown&gt;
#1 0x7f1775679f87 &lt;unknown&gt;
#2 0x7f17756b187e &lt;unknown&gt;
#3 0x7f17756ae4de &lt;unknown&gt;
#4 0x7f17756fea90 &lt;unknown&gt;
#5 0x7f17756f30e3 &lt;unknown&gt;
#6 0x7f17756bb044 &lt;unknown&gt;
#7 0x7f17756bc44e &lt;unknown&gt;
#8 0x7f1775981861 &lt;unknown&gt;
#9 0x7f1775985785 &lt;unknown&gt;
#10 0x7f177596f285 &lt;unknown&gt;
#11 0x7f177598641f &lt;unknown&gt;
#12 0x7f177595320f &lt;unknown&gt;
#13 0x7f17759aa028 &lt;unknown&gt;
#14 0x7f17759aa1f7 &lt;unknown&gt;
#15 0x7f17759bbed4 &lt;unknown&gt;
#16 0x7f1774be4ac3 &lt;unknown&gt;
</msg>
<status status="FAIL" starttime="20231211 20:48:05.673" endtime="20231211 20:48:06.360"/>
</kw>
<kw name="Maximize Browser Window" library="SeleniumLibrary">
<doc>Maximizes current browser window.</doc>
<status status="NOT RUN" starttime="20231211 20:48:06.360" endtime="20231211 20:48:06.360"/>
</kw>
<kw name="Input Text" library="SeleniumLibrary">
<arg>name=nome_atividade</arg>
<arg>Nome da Atividade Válida</arg>
<doc>Types the given ``text`` into the text field identified by ``locator``.</doc>
<status status="NOT RUN" starttime="20231211 20:48:06.361" endtime="20231211 20:48:06.361"/>
</kw>
<kw name="Input Text" library="SeleniumLibrary">
<arg>name=descricao_atividade</arg>
<arg>Descrição da Atividade</arg>
<doc>Types the given ``text`` into the text field identified by ``locator``.</doc>
<status status="NOT RUN" starttime="20231211 20:48:06.361" endtime="20231211 20:48:06.361"/>
</kw>
<kw name="Input Text" library="SeleniumLibrary">
<arg>name=data_atividade</arg>
<arg>2023-12-31</arg>
<doc>Types the given ``text`` into the text field identified by ``locator``.</doc>
<status status="NOT RUN" starttime="20231211 20:48:06.361" endtime="20231211 20:48:06.361"/>
</kw>
<kw name="Select From List By Label" library="SeleniumLibrary">
<arg>name=pasta_atividade</arg>
<arg>Casa</arg>
<doc>Selects options from selection list ``locator`` by ``labels``.</doc>
<status status="NOT RUN" starttime="20231211 20:48:06.361" endtime="20231211 20:48:06.361"/>
</kw>
<kw name="Click Element" library="SeleniumLibrary">
<arg>css=input[name=destacar_atividade]</arg>
<doc>Click the element identified by ``locator``.</doc>
<status status="NOT RUN" starttime="20231211 20:48:06.361" endtime="20231211 20:48:06.361"/>
</kw>
<kw name="Click Element" library="SeleniumLibrary">
<arg>css=input[name=finalizada_atividade]</arg>
<doc>Click the element identified by ``locator``.</doc>
<status status="NOT RUN" starttime="20231211 20:48:06.361" endtime="20231211 20:48:06.361"/>
</kw>
<kw name="Click Element" library="SeleniumLibrary">
<arg>css=input[type=submit]</arg>
<doc>Click the element identified by ``locator``.</doc>
<status status="NOT RUN" starttime="20231211 20:48:06.362" endtime="20231211 20:48:06.362"/>
</kw>
<kw name="Page Should Contain" library="SeleniumLibrary">
<arg>Atividade cadastrada com sucesso</arg>
<doc>Verifies that current page contains ``text``.</doc>
<status status="NOT RUN" starttime="20231211 20:48:06.362" endtime="20231211 20:48:06.362"/>
</kw>
<kw name="Close Browser" library="SeleniumLibrary" type="TEARDOWN">
<doc>Closes the current browser.</doc>
<status status="PASS" starttime="20231211 20:48:06.362" endtime="20231211 20:48:06.362"/>
</kw>
<status status="FAIL" starttime="20231211 20:48:05.673" endtime="20231211 20:48:06.362">SessionNotCreatedException: Message: session not created: Chrome failed to start: exited normally.
  (session not created: DevToolsActivePort file doesn't exist)
  (The process started from chrome location /usr/bin/google-chrome is no longer running, so ChromeDriver is assuming that Chrome has crashed.)
Stacktrace:
#0 0x7f17759bcd33 &lt;unknown&gt;
#1 0x7f1775679f87 &lt;unknown&gt;
#2 0x7f17756b187e &lt;unknown&gt;
#3 0x7f17756ae4de &lt;unknown&gt;
#4 0x7f17756fea90 &lt;unknown&gt;
#5 0x7f17756f30e3 &lt;unknown&gt;
#6 0x7f17756bb044 &lt;unknown&gt;
#7 0x7f17756bc44e &lt;unknown&gt;
#8 0x7f1775981861 &lt;unknown&gt;
#9 0x7f1775985785 &lt;unknown&gt;
#10 0x7f177596f285 &lt;unknown&gt;
#11 0x7f177598641f &lt;unknown&gt;
#12 0x7f177595320f &lt;unknown&gt;
#13 0x7f17759aa028 &lt;unknown&gt;
#14 0x7f17759aa1f7 &lt;unknown&gt;
#15 0x7f17759bbed4 &lt;unknown&gt;
#16 0x7f1774be4ac3 &lt;unknown&gt;
</status>
</test>
<doc>Teste de Cadastro de Atividade</doc>
<status status="FAIL" starttime="20231211 20:48:05.506" endtime="20231211 20:48:06.363"/>
</suite>
<statistics>
<total>
<stat pass="0" fail="1" skip="0">All Tests</stat>
</total>
<tag>
</tag>
<suite>
<stat pass="0" fail="1" skip="0" id="s1" name="testeFormularioCriacaoTarefa.spec">testeFormularioCriacaoTarefa.spec</stat>
</suite>
</statistics>
<errors>
</errors>
</robot>
